<?xml version="1.0" encoding="UTF-8"?>
<!-- Generated by org.testng.reporters.JUnitReportReporter -->
<testsuite hostname="ip-172-31-28-241" name="com.test.LoginTest" tests="1" failures="0" timestamp="29 Aug 2023 15:59:25 GMT" time="0.829" errors="0">
  <testcase name="signInSuccesfullyCustomer" time="0.829" classname="com.test.LoginTest"/>
</testsuite> <!-- com.test.LoginTest -->
