<?xml version="1.0" encoding="UTF-8"?>
<!-- Generated by org.testng.reporters.JUnitReportReporter -->
<testsuite hostname="ip-172-31-28-241" name="com.test.RegisterTest" tests="1" failures="0" timestamp="29 Aug 2023 15:04:54 GMT" time="0.996" errors="0">
  <testcase name="registerUnSuccesfully_emptyFields" time="0.996" classname="com.test.RegisterTest"/>
</testsuite> <!-- com.test.RegisterTest -->
