<?xml version="1.0" encoding="UTF-8"?>
<!-- Generated by org.testng.reporters.JUnitReportReporter -->
<testsuite hostname="ip-172-31-28-241" name="com.test.AddCategoryTest" tests="1" failures="0" timestamp="29 Aug 2023 16:51:44 GMT" time="1.014" errors="0">
  <testcase name="addCategory_emptyFields" time="1.014" classname="com.test.AddCategoryTest"/>
</testsuite> <!-- com.test.AddCategoryTest -->
