<?xml version="1.0" encoding="UTF-8"?>
<!-- Generated by org.testng.reporters.JUnitReportReporter -->
<testsuite hostname="ip-172-31-28-241" name="com.test.AddProductTest" tests="1" failures="0" timestamp="29 Aug 2023 17:31:20 GMT" time="2.315" errors="0">
  <testcase name="addProduct_emptyfields" time="2.315" classname="com.test.AddProductTest"/>
</testsuite> <!-- com.test.AddProductTest -->
